[2015-12-15 23:16:49] __rvm_package_extract
__rvm_package_extract () 
{ 
    rvm_debug __rvm_package_extract:$#: "$@";
    \typeset __tempdir __path __file __return;
    __return=0;
    __tempdir="$( TMPDIR="${rvm_tmp_path}" mktemp -d -t rvm-tmp.XXXXXXXXX )";
    __rvm_package_extract_run "$1" "$__tempdir" || __return=$?;
    if (( __return == 0 )); then
        for __path in "$__tempdir"/*;
        do
            __file="${__path##*/}";
            if [[ -n "${__file}" && -e "$2/${__file}" ]]; then
                \command \rm -rf "$2/${__file}" || __return=$?;
            fi;
            \command \mv -f "${__path}" "$2/" || __return=$?;
        done;
    fi;
    if [[ -n "$__tempdir" ]]; then
        \command \rm -rf "$__tempdir";
    fi;
    return $__return
}
current path: /home/alyosha/.rvm/src/ruby-head
PATH=/usr/local/sbin:/usr/local/bin:/usr/sbin:/usr/bin:/sbin:/bin:/usr/games:/usr/local/games:/home/alyosha/.rvm/bin
command(3): __rvm_package_extract /home/alyosha/.rvm/archives/rubygems-ebb48d9b86683ce2fe8891299e1899d4fcc0216c.tgz /home/alyosha/.rvm/src
++ rvm_debug __rvm_package_extract:2: /home/alyosha/.rvm/archives/rubygems-ebb48d9b86683ce2fe8891299e1899d4fcc0216c.tgz /home/alyosha/.rvm/src
++ ((  0  ))
++ return 0
++ typeset __tempdir __path __file __return
++ __return=0
+++ TMPDIR=/home/alyosha/.rvm/tmp
+++ mktemp -d -t rvm-tmp.XXXXXXXXX
++ __tempdir=/home/alyosha/.rvm/tmp/rvm-tmp.415Ci2nze
++ __rvm_package_extract_run /home/alyosha/.rvm/archives/rubygems-ebb48d9b86683ce2fe8891299e1899d4fcc0216c.tgz /home/alyosha/.rvm/tmp/rvm-tmp.415Ci2nze
++ [[    != *\ \-\-\n\o\-\s\a\m\e\-\o\w\n\e\r\ * ]]
++ __rvm_grep -- --no-same-owner
++ __rvm_tar --help
++ GREP_OPTIONS=
++ command grep -- --no-same-owner
++ grep -- --no-same-owner
++ rvm_tar_options=--no-same-owner
++ [[ -d /home/alyosha/.rvm/tmp/rvm-tmp.415Ci2nze ]]
++ case "$1" in
++ [[ -n '' ]]
++ __rvm_tar xzf /home/alyosha/.rvm/archives/rubygems-ebb48d9b86683ce2fe8891299e1899d4fcc0216c.tgz -C /home/alyosha/.rvm/tmp/rvm-tmp.415Ci2nze --no-same-owner
++ tar xzf /home/alyosha/.rvm/archives/rubygems-ebb48d9b86683ce2fe8891299e1899d4fcc0216c.tgz -C /home/alyosha/.rvm/tmp/rvm-tmp.415Ci2nze --no-same-owner
++ __rvm_fix_group_permissions /home/alyosha/.rvm/tmp/rvm-tmp.415Ci2nze/rubygems-ebb48d9b86683ce2fe8891299e1899d4fcc0216c
++ __rvm_grep g=rw
++ GREP_OPTIONS=
++ umask -S
++ command grep g=rw
++ grep g=rw
++ return 1
++ ((  __return == 0  ))
++ for __path in '"$__tempdir"/*'
++ __file=rubygems-ebb48d9b86683ce2fe8891299e1899d4fcc0216c
++ [[ -n rubygems-ebb48d9b86683ce2fe8891299e1899d4fcc0216c ]]
++ [[ -e /home/alyosha/.rvm/src/rubygems-ebb48d9b86683ce2fe8891299e1899d4fcc0216c ]]
++ command mv -f /home/alyosha/.rvm/tmp/rvm-tmp.415Ci2nze/rubygems-ebb48d9b86683ce2fe8891299e1899d4fcc0216c /home/alyosha/.rvm/src/
++ mv -f /home/alyosha/.rvm/tmp/rvm-tmp.415Ci2nze/rubygems-ebb48d9b86683ce2fe8891299e1899d4fcc0216c /home/alyosha/.rvm/src/
++ [[ -n /home/alyosha/.rvm/tmp/rvm-tmp.415Ci2nze ]]
++ command rm -rf /home/alyosha/.rvm/tmp/rvm-tmp.415Ci2nze
++ rm -rf /home/alyosha/.rvm/tmp/rvm-tmp.415Ci2nze
++ return 0
