[2015-12-15 23:17:09] alias_create_execute
alias_create_execute () 
{ 
    for _path in "$rvm_rubies_path" "$rvm_environments_path" "$rvm_wrappers_path";
    do
        if [[ -L "$_path/$alias_name" ]]; then
            \command \rm -fv "$_path/$alias_name" || return $?;
        fi;
        \command \ln -fs "$_path/$rvm_ruby_string" "$_path/$alias_name" || return $?;
    done;
    __rvm_db_ "$rvm_path/config/alias" "$alias_name" "$rvm_ruby_string"
}
current path: /home/alyosha
GEM_HOME=/home/alyosha/.rvm/gems/ruby-head
PATH=/home/alyosha/.rvm/gems/ruby-head/bin:/home/alyosha/.rvm/gems/ruby-head@global/bin:/home/alyosha/.rvm/rubies/ruby-head/bin:/home/alyosha/.rvm/bin:/usr/local/sbin:/usr/local/bin:/usr/sbin:/usr/bin:/sbin:/bin:/usr/games:/usr/local/games
GEM_PATH=/home/alyosha/.rvm/gems/ruby-head:/home/alyosha/.rvm/gems/ruby-head@global
command(1): alias_create_execute
+ for _path in '"$rvm_rubies_path"' '"$rvm_environments_path"' '"$rvm_wrappers_path"'
+ [[ -L /home/alyosha/.rvm/rubies/default ]]
+ command ln -fs /home/alyosha/.rvm/rubies/ruby-head /home/alyosha/.rvm/rubies/default
+ ln -fs /home/alyosha/.rvm/rubies/ruby-head /home/alyosha/.rvm/rubies/default
+ for _path in '"$rvm_rubies_path"' '"$rvm_environments_path"' '"$rvm_wrappers_path"'
+ [[ -L /home/alyosha/.rvm/environments/default ]]
+ command ln -fs /home/alyosha/.rvm/environments/ruby-head /home/alyosha/.rvm/environments/default
+ ln -fs /home/alyosha/.rvm/environments/ruby-head /home/alyosha/.rvm/environments/default
+ for _path in '"$rvm_rubies_path"' '"$rvm_environments_path"' '"$rvm_wrappers_path"'
+ [[ -L /home/alyosha/.rvm/wrappers/default ]]
+ command ln -fs /home/alyosha/.rvm/wrappers/ruby-head /home/alyosha/.rvm/wrappers/default
+ ln -fs /home/alyosha/.rvm/wrappers/ruby-head /home/alyosha/.rvm/wrappers/default
+ __rvm_db_ /home/alyosha/.rvm/config/alias default ruby-head
+ typeset __db __key __value
+ __db=/home/alyosha/.rvm/config/alias
+ __key=default
+ shift 2
+ __value=ruby-head
+ case "${__value}" in
+ __rvm_db_add /home/alyosha/.rvm/config/alias default ruby-head
+ typeset __dir=/home/alyosha/.rvm/config
+ [[ -f /home/alyosha/.rvm/config/alias ]]
+ __rvm_db_remove /home/alyosha/.rvm/config/alias default
+ [[ -f /home/alyosha/.rvm/config/alias ]]
+ __rvm_sed -e '\#^default=# d' -e '/^$/d' /home/alyosha/.rvm/config/alias
+ sed -e '\#^default=# d' -e '/^$/d' /home/alyosha/.rvm/config/alias
+ command mv -f /home/alyosha/.rvm/config/alias.new /home/alyosha/.rvm/config/alias
+ mv -f /home/alyosha/.rvm/config/alias.new /home/alyosha/.rvm/config/alias
+ printf '%b=%b\n' default ruby-head
