error t=2015-12-17T12:44:08.861Z Cinnamon Software Rendering mode enabled
info t=2015-12-17T12:44:09.058Z Cinnamon.AppSystem.get_default() started in 193 ms
info t=2015-12-17T12:44:09.070Z loading user theme: /usr/share/themes/Linux Mint/cinnamon/cinnamon.css
info t=2015-12-17T12:44:09.110Z added icon directory: /usr/share/themes/Linux Mint/cinnamon
info t=2015-12-17T12:44:09.225Z PlacesManager: Updating devices
info t=2015-12-17T12:44:09.260Z loaded at Thu Dec 17 2015 22:44:09 GMT+1000 (VLAT)
info t=2015-12-17T12:44:09.740Z Loaded applet menu@cinnamon.org in 477 ms
info t=2015-12-17T12:44:09.745Z Loaded applet show-desktop@cinnamon.org in 4 ms
info t=2015-12-17T12:44:09.782Z Role locked: panellauncher
info t=2015-12-17T12:44:09.782Z Loaded applet panel-launchers@cinnamon.org in 36 ms
info t=2015-12-17T12:44:09.796Z Loaded applet window-list@cinnamon.org in 13 ms
info t=2015-12-17T12:44:09.804Z Role locked: notifications
info t=2015-12-17T12:44:09.809Z Loaded applet notifications@cinnamon.org in 11 ms
info t=2015-12-17T12:44:09.850Z Loaded applet user@cinnamon.org in 41 ms
info t=2015-12-17T12:44:09.858Z Loaded applet removable-drives@cinnamon.org in 7 ms
info t=2015-12-17T12:44:09.889Z Loaded applet keyboard@cinnamon.org in 31 ms
info t=2015-12-17T12:44:09.918Z Loaded applet bluetooth@cinnamon.org in 28 ms
info t=2015-12-17T12:44:09.969Z Loaded applet network@cinnamon.org in 50 ms
info t=2015-12-17T12:44:10.000Z Loaded applet sound@cinnamon.org in 30 ms
info t=2015-12-17T12:44:10.015Z Loaded applet power@cinnamon.org in 14 ms
info t=2015-12-17T12:44:10.026Z Loaded applet systray@cinnamon.org in 10 ms
info t=2015-12-17T12:44:10.044Z Loaded applet calendar@cinnamon.org in 17 ms
info t=2015-12-17T12:44:10.051Z Loaded applet windows-quick-list@cinnamon.org in 6 ms
info t=2015-12-17T12:44:10.051Z AppletManager.init() started in 790 ms
info t=2015-12-17T12:44:10.067Z Cinnamon took 1230 ms to start
info t=2015-12-17T12:44:10.226Z Hiding indicator (role already handled): nm-applet
info t=2015-12-17T12:44:29.998Z Adding systray: mintupdate.py (20x20px)
